<?xml version="1.0" encoding="UTF-8"?>
<!-- Generated by org.testng.reporters.JUnitReportReporter -->
<testsuite skipped="0" hostname="laur-Studio-XPS-1640" name="org.selenium.tutorial.main.MyTestNG" tests="1" failures="0" timestamp="09 Aug 2017 13:32:12 GMT" time="10.718" errors="0">
  <testcase name="testParameterWithXML" time="10.718" classname="org.selenium.tutorial.main.MyTestNG"/>
</testsuite> <!-- org.selenium.tutorial.main.MyTestNG -->
